\BOOKMARK [1][-]{section.1}{\376\377\000I\000N\000T\000R\000O\000D\000U\000\307\000\303\000O}{}% 1
\BOOKMARK [2][-]{subsection.1.1}{\376\377\000O\000B\000J\000E\000T\000I\000V\000O\000S}{section.1}% 2
\BOOKMARK [3][-]{subsubsection.1.1.1}{\376\377\000O\000b\000j\000e\000t\000i\000v\000o\000\040\000G\000e\000r\000a\000l}{subsection.1.1}% 3
\BOOKMARK [3][-]{subsubsection.1.1.2}{\376\377\000O\000b\000j\000e\000t\000i\000v\000o\000s\000\040\000E\000s\000p\000e\000c\000\355\000f\000i\000c\000o\000s}{subsection.1.1}% 4
\BOOKMARK [1][-]{section.2}{\376\377\000M\000A\000T\000E\000R\000I\000A\000I\000S\000\040\000E\000\040\000M\000\311\000T\000O\000D\000O\000S}{}% 5
\BOOKMARK [2][-]{subsection.2.1}{\376\377\000P\000L\000A\000N\000E\000J\000A\000M\000E\000N\000T\000O\000\040\000E\000X\000P\000E\000R\000I\000M\000E\000N\000T\000A\000L}{section.2}% 6
\BOOKMARK [2][-]{subsection.2.2}{\376\377\000D\000E\000T\000E\000R\000M\000I\000N\000A\000\307\000\303\000O\000\040\000D\000O\000S\000\040\000T\000E\000M\000P\000O\000S\000\040\000D\000E\000\040\000A\000C\000O\000M\000O\000D\000A\000\307\000\303\000O\000\040\000D\000O\000\040\000S\000I\000S\000T\000E\000M\000A}{section.2}% 7
\BOOKMARK [2][-]{subsection.2.3}{\376\377\000A\000N\000\301\000L\000I\000S\000E\000\040\000E\000\040\000C\000O\000M\000P\000A\000R\000A\000\307\000\303\000O\000\040\000D\000A\000S\000\040\000H\000I\000S\000T\000E\000R\000E\000S\000E\000S}{section.2}% 8
\BOOKMARK [2][-]{subsection.2.4}{\376\377\000D\000E\000T\000E\000R\000M\000I\000N\000A\000\307\000\303\000O\000\040\000D\000O\000\040\000C\000O\000P\000\040\000D\000O\000\040\000S\000I\000S\000T\000E\000M\000A}{section.2}% 9
\BOOKMARK [1][-]{section.3}{\376\377\000R\000E\000S\000U\000L\000T\000A\000D\000O\000S\000\040\000E\000\040\000D\000I\000S\000C\000U\000S\000S\000\325\000E\000S}{}% 10
\BOOKMARK [2][-]{subsection.3.1}{\376\377\000P\000E\000R\000T\000U\000R\000B\000A\000\307\000\303\000O\000\040\000P\000E\000L\000A\000\040\000V\000A\000R\000I\000A\000\307\000\303\000O\000\040\000D\000A\000\040\000V\000A\000Z\000\303\000O\000\040\000D\000E\000\040\000A\000R\000\040\000D\000O\000\040\000V\000E\000N\000T\000I\000L\000A\000D\000O\000R}{section.3}% 11
\BOOKMARK [2][-]{subsection.3.2}{\376\377\000P\000E\000R\000T\000U\000R\000B\000A\000\307\000\303\000O\000\040\000P\000E\000L\000A\000\040\000F\000R\000E\000Q\000U\000\312\000N\000C\000I\000A\000\040\000D\000E\000\040\000R\000O\000T\000A\000\307\000\303\000O\000\040\000D\000O\000\040\000C\000O\000M\000P\000R\000E\000S\000S\000O\000R}{section.3}% 12
\BOOKMARK [2][-]{subsection.3.3}{\376\377\000A\000N\000\301\000L\000I\000S\000E\000\040\000D\000A\000\040\000H\000I\000S\000T\000E\000R\000E\000S\000E}{section.3}% 13
\BOOKMARK [2][-]{subsection.3.4}{\376\377\000A\000N\000\301\000L\000I\000S\000E\000\040\000D\000O\000\040\000C\000O\000P}{section.3}% 14
\BOOKMARK [3][-]{subsubsection.3.4.1}{\376\377\000E\000f\000e\000i\000t\000o\000\040\000d\000a\000\040\000V\000a\000r\000i\000a\000\347\000\343\000o\000\040\000d\000a\000\040\000V\000a\000z\000\343\000o\000\040\000d\000e\000\040\000A\000r\000\040\000d\000o\000\040\000V\000e\000n\000t\000i\000l\000a\000d\000o\000r\000\040\000n\000o\000\040\000C\000O\000P}{subsection.3.4}% 15
\BOOKMARK [3][-]{subsubsection.3.4.2}{\376\377\000E\000f\000e\000i\000t\000o\000\040\000d\000a\000\040\000F\000r\000e\000q\000u\000\352\000n\000c\000i\000a\000\040\000d\000e\000\040\000R\000o\000t\000a\000\347\000\343\000o\000\040\000d\000o\000\040\000C\000o\000m\000p\000r\000e\000s\000s\000o\000r\000\040\000n\000o\000\040\000C\000O\000P}{subsection.3.4}% 16
\BOOKMARK [3][-]{subsubsection.3.4.3}{\376\377\000E\000f\000e\000i\000t\000o\000\040\000d\000a\000\040\000H\000i\000s\000t\000e\000r\000e\000s\000e\000\040\000n\000o\000\040\000C\000O\000P}{subsection.3.4}% 17
\BOOKMARK [2][-]{subsection.3.5}{\376\377\000E\000S\000T\000U\000D\000O\000\040\000D\000A\000\040\000H\000I\000S\000T\000E\000R\000E\000S\000E\000\040\000N\000O\000R\000M\000A\000L\000I\000Z\000A\000D\000A\000\040\000P\000A\000R\000A\000\040\000C\000O\000N\000T\000R\000O\000L\000E\000\040\000N\000\303\000O\000\040\000A\000D\000A\000P\000T\000A\000T\000I\000V\000O}{section.3}% 18
\BOOKMARK [1][-]{section.4}{\376\377\000C\000O\000N\000C\000L\000U\000S\000\303\000O}{}% 19
\BOOKMARK [2][-]{subsection.4.1}{\376\377\000C\000o\000m\000o\000\040\000o\000\040\000I\000C\000\040\000C\000o\000n\000t\000r\000i\000b\000u\000i\000u\000\040\000p\000a\000r\000a\000\040\000a\000\040\000M\000i\000n\000h\000a\000\040\000F\000o\000r\000m\000a\000\347\000\343\000o}{section.4}% 20
\BOOKMARK [1][-]{subsection.4.1}{\376\377\000R\000E\000F\000E\000R\000\312\000N\000C\000I\000A\000S}{}% 21
